Log file open, 12/29/17 15:50:56
LogWindows: Failed to load 'aqProf.dll' (GetLastError=126)
LogWindows: File 'aqProf.dll' does not exist
LogWindows: Failed to load 'VSPerf140.dll' (GetLastError=126)
LogWindows: File 'VSPerf140.dll' does not exist
LogWindows: Failed to load 'VtuneApi.dll' (GetLastError=126)
LogWindows: File 'VtuneApi.dll' does not exist
LogWindows: Failed to load 'VtuneApi32e.dll' (GetLastError=126)
LogWindows: File 'VtuneApi32e.dll' does not exist
LogInit: Display: Running engine for game: WrenchKid
LogPlatformFile: Not using cached read wrapper
LogInit: Display: RandInit(1202405994) SRandInit(1202405994).
LogInit: Read version file with build ID '3709383'
LogInit: Overriding engine version to CL 3794801, compatible CL 3709383
LogInit: Registered custom module enumerator with build ID '3709383'
LogTaskGraph: Started task graph with 5 named threads and 14 total threads with 3 sets of task threads.
LogStats: Stats thread started at 0.186348
LogD3D11RHI: Aftermath initialized
LogModuleManager: Display: Found up-to-date module file ../../../Engine/Plugins/2D/Paper2D/Binaries/Win64/UE4Editor-Paper2D.dll (API version 3709383).
LogModuleManager: Display: Found up-to-date module file ../../../Engine/Plugins/2D/Paper2D/Binaries/Win64/UE4Editor-Paper2DEditor.dll (API version 3709383).
LogModuleManager: Display: Found up-to-date module file ../../../Engine/Plugins/2D/Paper2D/Binaries/Win64/UE4Editor-PaperSpriteSheetImporter.dll (API version 3709383).
LogModuleManager: Display: Found up-to-date module file ../../../Engine/Plugins/2D/Paper2D/Binaries/Win64/UE4Editor-PaperTiledImporter.dll (API version 3709383).
LogModuleManager: Display: Found up-to-date module file ../../../Engine/Plugins/2D/Paper2D/Binaries/Win64/UE4Editor-SmartSnapping.dll (API version 3709383).
LogModuleManager: Display: Found up-to-date module file ../../../Engine/Plugins/Blendables/LightPropagationVolume/Binaries/Win64/UE4Editor-LightPropagationVolumeRuntime.dll (API version 3709383).
LogModuleManager: Display: Found up-to-date module file ../../../Engine/Plugins/Blendables/LightPropagationVolume/Binaries/Win64/UE4Editor-LightPropagationVolumeEditor.dll (API version 3709383).
LogModuleManager: Display: Found up-to-date module file ../../../Engine/Plugins/Developer/GitSourceControl/Binaries/Win64/UE4Editor-GitSourceControl.dll (API version 3709383).
LogModuleManager: Display: Found up-to-date module file ../../../Engine/Plugins/Developer/PerforceSourceControl/Binaries/Win64/UE4Editor-PerforceSourceControl.dll (API version 3709383).
LogModuleManager: Display: Found up-to-date module file ../../../Engine/Plugins/Developer/SubversionSourceControl/Binaries/Win64/UE4Editor-SubversionSourceControl.dll (API version 3709383).
LogModuleManager: Display: Found up-to-date module file ../../../Engine/Plugins/Developer/UObjectPlugin/Binaries/Win64/UE4Editor-UObjectPlugin.dll (API version 3709383).
LogModuleManager: Display: Found up-to-date module file ../../../Engine/Plugins/Developer/VisualStudioCodeSourceCodeAccess/Binaries/Win64/UE4Editor-VisualStudioCodeSourceCodeAccess.dll (API version 3709383).
LogModuleManager: Display: Found up-to-date module file ../../../Engine/Plugins/Developer/VisualStudioSourceCodeAccess/Binaries/Win64/UE4Editor-VisualStudioSourceCodeAccess.dll (API version 3709383).
LogModuleManager: Display: Found up-to-date module file ../../../Engine/Plugins/Editor/AssetManagerEditor/Binaries/Win64/UE4Editor-AssetManagerEditor.dll (API version 3709383).
LogModuleManager: Display: Found up-to-date module file ../../../Engine/Plugins/Editor/AudioCapture/Binaries/Win64/UE4Editor-AudioCapture.dll (API version 3709383).
LogModuleManager: Display: Found up-to-date module file ../../../Engine/Plugins/Editor/FacialAnimation/Binaries/Win64/UE4Editor-FacialAnimation.dll (API version 3709383).
LogModuleManager: Display: Found up-to-date module file ../../../Engine/Plugins/Editor/FacialAnimation/Binaries/Win64/UE4Editor-FacialAnimationEditor.dll (API version 3709383).
LogModuleManager: Display: Found up-to-date module file ../../../Engine/Plugins/Editor/GameplayTagsEditor/Binaries/Win64/UE4Editor-GameplayTagsEditor.dll (API version 3709383).
LogModuleManager: Display: Found up-to-date module file ../../../Engine/Plugins/Editor/MobileLauncherProfileWizard/Binaries/Win64/UE4Editor-MobileLauncherProfileWizard.dll (API version 3709383).
LogModuleManager: Display: Found up-to-date module file ../../../Engine/Plugins/Editor/PluginBrowser/Binaries/Win64/UE4Editor-PluginBrowser.dll (API version 3709383).
LogModuleManager: Display: Found up-to-date module file ../../../Engine/Plugins/Editor/SpeedTreeImporter/Binaries/Win64/UE4Editor-SpeedTreeImporter.dll (API version 3709383).
LogModuleManager: Display: Found up-to-date module file ../../../Engine/Plugins/Experimental/AlembicImporter/Binaries/Win64/UE4Editor-AlembicImporter.dll (API version 3709383).
LogModuleManager: Display: Found up-to-date module file ../../../Engine/Plugins/Experimental/AlembicImporter/Binaries/Win64/UE4Editor-AlembicLibrary.dll (API version 3709383).
LogModuleManager: Display: Found up-to-date module file ../../../Engine/Plugins/Experimental/CharacterAI/Binaries/Win64/UE4Editor-CharacterAI.dll (API version 3709383).
LogModuleManager: Display: Found up-to-date module file ../../../Engine/Plugins/Experimental/HTML5Networking/Binaries/Win64/UE4Editor-HTML5Networking.dll (API version 3709383).
LogModuleManager: Display: Found up-to-date module file ../../../Engine/Plugins/Media/AndroidMedia/Binaries/Win64/UE4Editor-AndroidMediaEditor.dll (API version 3709383).
LogModuleManager: Display: Found up-to-date module file ../../../Engine/Plugins/Media/AndroidMedia/Binaries/Win64/UE4Editor-AndroidMediaFactory.dll (API version 3709383).
LogModuleManager: Display: Found up-to-date module file ../../../Engine/Plugins/Media/AvfMedia/Binaries/Win64/UE4Editor-AvfMediaEditor.dll (API version 3709383).
LogModuleManager: Display: Found up-to-date module file ../../../Engine/Plugins/Media/AvfMedia/Binaries/Win64/UE4Editor-AvfMediaFactory.dll (API version 3709383).
LogModuleManager: Display: Found up-to-date module file ../../../Engine/Plugins/Media/AvfMedia/Binaries/Win64/UE4Editor-AvfMediaFactory.dll (API version 3709383).
LogModuleManager: Display: Found up-to-date module file ../../../Engine/Plugins/Media/ImgMedia/Binaries/Win64/UE4Editor-ImgMedia.dll (API version 3709383).
LogModuleManager: Display: Found up-to-date module file ../../../Engine/Plugins/Media/ImgMedia/Binaries/Win64/UE4Editor-ImgMediaEditor.dll (API version 3709383).
LogModuleManager: Display: Found up-to-date module file ../../../Engine/Plugins/Media/ImgMedia/Binaries/Win64/UE4Editor-ImgMediaFactory.dll (API version 3709383).
LogModuleManager: Display: Found up-to-date module file ../../../Engine/Plugins/Media/ImgMedia/Binaries/Win64/UE4Editor-ImgMediaFactory.dll (API version 3709383).
LogModuleManager: Display: Found up-to-date module file ../../../Engine/Plugins/Media/ImgMedia/Binaries/Win64/UE4Editor-OpenExrWrapper.dll (API version 3709383).
LogModuleManager: Display: Found up-to-date module file ../../../Engine/Plugins/Media/MediaCompositing/Binaries/Win64/UE4Editor-MediaCompositing.dll (API version 3709383).
LogModuleManager: Display: Found up-to-date module file ../../../Engine/Plugins/Media/MediaCompositing/Binaries/Win64/UE4Editor-MediaCompositingEditor.dll (API version 3709383).
LogModuleManager: Display: Found up-to-date module file ../../../Engine/Plugins/Media/MediaPlayerEditor/Binaries/Win64/UE4Editor-MediaPlayerEditor.dll (API version 3709383).
LogModuleManager: Display: Found up-to-date module file ../../../Engine/Plugins/Media/WmfMedia/Binaries/Win64/UE4Editor-WmfMedia.dll (API version 3709383).
LogModuleManager: Display: Found up-to-date module file ../../../Engine/Plugins/Media/WmfMedia/Binaries/Win64/UE4Editor-WmfMediaEditor.dll (API version 3709383).
LogModuleManager: Display: Found up-to-date module file ../../../Engine/Plugins/Media/WmfMedia/Binaries/Win64/UE4Editor-WmfMediaFactory.dll (API version 3709383).
LogModuleManager: Display: Found up-to-date module file ../../../Engine/Plugins/Media/WmfMedia/Binaries/Win64/UE4Editor-WmfMediaFactory.dll (API version 3709383).
LogModuleManager: Display: Found up-to-date module file ../../../Engine/Plugins/Messaging/TcpMessaging/Binaries/Win64/UE4Editor-TcpMessaging.dll (API version 3709383).
LogModuleManager: Display: Found up-to-date module file ../../../Engine/Plugins/Messaging/UdpMessaging/Binaries/Win64/UE4Editor-UdpMessaging.dll (API version 3709383).
LogModuleManager: Display: Found up-to-date module file ../../../Engine/Plugins/MovieScene/ActorSequence/Binaries/Win64/UE4Editor-ActorSequence.dll (API version 3709383).
LogModuleManager: Display: Found up-to-date module file ../../../Engine/Plugins/MovieScene/LevelSequenceEditor/Binaries/Win64/UE4Editor-LevelSequenceEditor.dll (API version 3709383).
LogModuleManager: Display: Found up-to-date module file ../../../Engine/Plugins/MovieScene/MatineeToLevelSequence/Binaries/Win64/UE4Editor-MatineeToLevelSequence.dll (API version 3709383).
LogModuleManager: Display: Found up-to-date module file ../../../Engine/Plugins/Online/OnlineSubsystem/Binaries/Win64/UE4Editor-OnlineSubsystem.dll (API version 3709383).
LogModuleManager: Display: Found up-to-date module file ../../../Engine/Plugins/Runtime/AndroidPermission/Binaries/Win64/UE4Editor-AndroidPermission.dll (API version 3709383).
LogModuleManager: Display: Found up-to-date module file ../../../Engine/Plugins/Online/OnlineSubsystemNull/Binaries/Win64/UE4Editor-OnlineSubsystemNull.dll (API version 3709383).
LogModuleManager: Display: Found up-to-date module file ../../../Engine/Plugins/Online/OnlineSubsystemUtils/Binaries/Win64/UE4Editor-OnlineSubsystemUtils.dll (API version 3709383).
LogModuleManager: Display: Found up-to-date module file ../../../Engine/Plugins/Online/OnlineSubsystemUtils/Binaries/Win64/UE4Editor-OnlineBlueprintSupport.dll (API version 3709383).
LogModuleManager: Display: Found up-to-date module file ../../../Engine/Plugins/Runtime/AndroidDeviceProfileSelector/Binaries/Win64/UE4Editor-AndroidDeviceProfileSelector.dll (API version 3709383).
LogModuleManager: Display: Found up-to-date module file ../../../Engine/Plugins/Runtime/AppleARKit/Binaries/Win64/UE4Editor-AppleARKit.dll (API version 3709383).
LogModuleManager: Display: Found up-to-date module file ../../../Engine/Plugins/Runtime/ArchVisCharacter/Binaries/Win64/UE4Editor-ArchVisCharacter.dll (API version 3709383).
LogModuleManager: Display: Found up-to-date module file ../../../Engine/Plugins/Runtime/CableComponent/Binaries/Win64/UE4Editor-CableComponent.dll (API version 3709383).
LogModuleManager: Display: Found up-to-date module file ../../../Engine/Plugins/Runtime/CustomMeshComponent/Binaries/Win64/UE4Editor-CustomMeshComponent.dll (API version 3709383).
LogModuleManager: Display: Found up-to-date module file ../../../Engine/Plugins/Runtime/ExampleDeviceProfileSelector/Binaries/Win64/UE4Editor-ExampleDeviceProfileSelector.dll (API version 3709383).
LogModuleManager: Display: Found up-to-date module file ../../../Engine/Plugins/Runtime/ImmediatePhysics/Binaries/Win64/UE4Editor-ImmediatePhysics.dll (API version 3709383).
LogModuleManager: Display: Found up-to-date module file ../../../Engine/Plugins/Runtime/ImmediatePhysics/Binaries/Win64/UE4Editor-ImmediatePhysicsEditor.dll (API version 3709383).
LogModuleManager: Display: Found up-to-date module file ../../../Engine/Plugins/Runtime/LocationServicesBPLibrary/Binaries/Win64/UE4Editor-LocationServicesBPLibrary.dll (API version 3709383).
LogModuleManager: Display: Found up-to-date module file ../../../Engine/Plugins/Runtime/MobilePatchingUtils/Binaries/Win64/UE4Editor-MobilePatchingUtils.dll (API version 3709383).
LogModuleManager: Display: Found up-to-date module file ../../../Engine/Plugins/Runtime/Oculus/OculusVR/Binaries/Win64/UE4Editor-OculusHMD.dll (API version 3709383).
LogModuleManager: Display: Found up-to-date module file ../../../Engine/Plugins/Runtime/Oculus/OculusVR/Binaries/Win64/UE4Editor-OculusInput.dll (API version 3709383).
LogModuleManager: Display: Found up-to-date module file ../../../Engine/Plugins/Runtime/Oculus/OculusVR/Binaries/Win64/UE4Editor-OculusEditor.dll (API version 3709383).
LogModuleManager: Display: Found up-to-date module file ../../../Engine/Plugins/Runtime/PhysXVehicles/Binaries/Win64/UE4Editor-PhysXVehicles.dll (API version 3709383).
LogModuleManager: Display: Found up-to-date module file ../../../Engine/Plugins/Runtime/PhysXVehicles/Binaries/Win64/UE4Editor-PhysXVehiclesEditor.dll (API version 3709383).
LogModuleManager: Display: Found up-to-date module file ../../../Engine/Plugins/Runtime/ProceduralMeshComponent/Binaries/Win64/UE4Editor-ProceduralMeshComponent.dll (API version 3709383).
LogModuleManager: Display: Found up-to-date module file ../../../Engine/Plugins/Runtime/ProceduralMeshComponent/Binaries/Win64/UE4Editor-ProceduralMeshComponentEditor.dll (API version 3709383).
LogModuleManager: Display: Found up-to-date module file ../../../Engine/Plugins/Runtime/RuntimePhysXCooking/Binaries/Win64/UE4Editor-RuntimePhysXCooking.dll (API version 3709383).
LogModuleManager: Display: Found up-to-date module file ../../../Engine/Plugins/Runtime/Steam/SteamVR/Binaries/Win64/UE4Editor-SteamVR.dll (API version 3709383).
LogModuleManager: Display: Found up-to-date module file ../../../Engine/Plugins/Runtime/Steam/SteamVR/Binaries/Win64/UE4Editor-SteamVRController.dll (API version 3709383).
LogModuleManager: Display: Found up-to-date module file ../../../Engine/Plugins/Runtime/WindowsMoviePlayer/Binaries/Win64/UE4Editor-WindowsMoviePlayer.dll (API version 3709383).
LogPluginManager: Mounting plugin Paper2D
LogPluginManager: Mounting plugin LightPropagationVolume
LogPluginManager: Mounting plugin CodeLiteSourceCodeAccess
LogPluginManager: Mounting plugin GitSourceControl
LogPluginManager: Mounting plugin KDevelopSourceCodeAccess
LogPluginManager: Mounting plugin NullSourceCodeAccess
LogPluginManager: Mounting plugin PerforceSourceControl
LogPluginManager: Mounting plugin SubversionSourceControl
LogPluginManager: Mounting plugin UObjectPlugin
LogPluginManager: Mounting plugin VisualStudioCodeSourceCodeAccess
LogPluginManager: Mounting plugin VisualStudioSourceCodeAccess
LogPluginManager: Mounting plugin XCodeSourceCodeAccess
LogPluginManager: Mounting plugin AssetManagerEditor
LogPluginManager: Mounting plugin AudioCapture
LogPluginManager: Mounting plugin FacialAnimation
LogPluginManager: Mounting plugin GameplayTagsEditor
LogPluginManager: Mounting plugin MobileLauncherProfileWizard
LogPluginManager: Mounting plugin PluginBrowser
LogPluginManager: Mounting plugin SpeedTreeImporter
LogPluginManager: Mounting plugin AlembicImporter
LogPluginManager: Mounting plugin CharacterAI
LogPluginManager: Mounting plugin HTML5Networking
LogPluginManager: Mounting plugin AndroidMedia
LogPluginManager: Mounting plugin AvfMedia
LogPluginManager: Mounting plugin ImgMedia
LogPluginManager: Mounting plugin MediaCompositing
LogPluginManager: Mounting plugin MediaPlayerEditor
LogPluginManager: Mounting plugin WmfMedia
LogPluginManager: Mounting plugin TcpMessaging
LogPluginManager: Mounting plugin UdpMessaging
LogPluginManager: Mounting plugin ActorSequence
LogPluginManager: Mounting plugin LevelSequenceEditor
LogPluginManager: Mounting plugin MatineeToLevelSequence
LogPluginManager: Mounting plugin OnlineSubsystemGooglePlay
LogPluginManager: Mounting plugin OnlineSubsystemIOS
LogPluginManager: Mounting plugin OnlineSubsystem
LogPluginManager: Mounting plugin OnlineSubsystemNull
LogPluginManager: Mounting plugin OnlineSubsystemUtils
LogPluginManager: Mounting plugin AndroidDeviceProfileSelector
LogPluginManager: Mounting plugin AndroidMoviePlayer
LogPluginManager: Mounting plugin AndroidPermission
LogPluginManager: Mounting plugin AppleARKit
LogPluginManager: Mounting plugin AppleMoviePlayer
LogPluginManager: Mounting plugin ArchVisCharacter
LogPluginManager: Mounting plugin CableComponent
LogPluginManager: Mounting plugin CustomMeshComponent
LogPluginManager: Mounting plugin ExampleDeviceProfileSelector
LogPluginManager: Mounting plugin GoogleCloudMessaging
LogPluginManager: Mounting plugin ImmediatePhysics
LogPluginManager: Mounting plugin IOSDeviceProfileSelector
LogPluginManager: Mounting plugin LinuxDeviceProfileSelector
LogPluginManager: Mounting plugin LocationServicesBPLibrary
LogPluginManager: Mounting plugin MobilePatchingUtils
LogPluginManager: Mounting plugin OculusVR
LogPluginManager: Plugin shader directory ../../../Engine/Plugins/Runtime/Oculus/OculusVR/Shaders found
LogPluginManager: Mapping shader source directory ../../../Engine/Plugins/Runtime/Oculus/OculusVR/Shaders to virtual directory /Plugin/OculusVR
LogPluginManager: Mounting plugin PhysXVehicles
LogPluginManager: Mounting plugin ProceduralMeshComponent
LogPluginManager: Mounting plugin RuntimePhysXCooking
LogPluginManager: Mounting plugin SteamVR
LogPluginManager: Mounting plugin WindowsMoviePlayer
LogInit: Using libcurl 7.47.1
LogInit:  - built for x86_64-pc-win32
LogInit:  - supports SSL with OpenSSL/1.0.2g
LogInit:  - supports HTTP deflate (compression) using libz 1.2.8
LogInit:  - other features:
LogInit:      CURL_VERSION_SSL
LogInit:      CURL_VERSION_LIBZ
LogInit:      CURL_VERSION_IPV6
LogInit:      CURL_VERSION_ASYNCHDNS
LogInit:      CURL_VERSION_LARGEFILE
LogInit:      CURL_VERSION_IDN
LogInit:  CurlRequestOptions (configurable via config and command line):
LogInit:  - bVerifyPeer = false  - Libcurl will NOT verify peer certificate
LogInit:  - bUseHttpProxy = false  - Libcurl will NOT use HTTP proxy
LogInit:  - bDontReuseConnections = false  - Libcurl will reuse connections
LogInit:  - CertBundlePath = nullptr  - Libcurl will use whatever was configured at build time.
LogInit: Build: ++UE4+Release-4.18-CL-3794801
LogInit: Engine Version: 4.18.2-3794801+++UE4+Release-4.18
LogInit: Compatible Engine Version: 4.18.0-3709383+++UE4+Release-4.18
LogInit: Net CL: 3709383
LogDevObjectVersion: Number of dev versions registered: 16
LogDevObjectVersion:   Dev-Blueprints (B0D832E4-1F89-4F0D-ACCF-7EB736FD4AA2): 10
LogDevObjectVersion:   Dev-Build (E1C64328-A22C-4D53-A36C-8E866417BD8C): 0
LogDevObjectVersion:   Dev-Core (375EC13C-06E4-48FB-B500-84F0262A717E): 2
LogDevObjectVersion:   Dev-Editor (E4B068ED-F494-42E9-A231-DA0B2E46BB41): 20
LogDevObjectVersion:   Dev-Framework (CFFC743F-43B0-4480-9391-14DF171D2073): 30
LogDevObjectVersion:   Dev-Mobile (B02B49B5-BB20-44E9-A304-32B752E40360): 0
LogDevObjectVersion:   Dev-Networking (A4E4105C-59A1-49B5-A7C5-40C4547EDFEE): 0
LogDevObjectVersion:   Dev-Online (39C831C9-5AE6-47DC-9A44-9C173E1C8E7C): 0
LogDevObjectVersion:   Dev-Physics (78F01B33-EBEA-4F98-B9B4-84EACCB95AA2): 0
LogDevObjectVersion:   Dev-Platform (6631380F-2D4D-43E0-8009-CF276956A95A): 0
LogDevObjectVersion:   Dev-Rendering (12F88B9F-8875-4AFC-A67C-D90C383ABD29): 20
LogDevObjectVersion:   Dev-Sequencer (7B5AE74C-D270-4C10-A958-57980B212A5A): 4
LogDevObjectVersion:   Dev-VR (D7296918-1DD6-4BDD-9DE2-64A83CC13884): 0
LogDevObjectVersion:   Dev-LoadTimes (C2A15278-BFE7-4AFE-6C17-90FF531DF755): 1
LogDevObjectVersion:   Private-Geometry (6EACA3D4-40EC-4CC1-B786-8BED09428FC5): 1
LogDevObjectVersion:   Dev-AnimPhys (29E575DD-E0A3-4627-9D10-D276232CDCEA): 12
LogInit: Compiled (64-bit): Dec  8 2017 02:04:53
LogInit: Compiled with Visual C++: 19.00.24215.01
LogInit: Build Configuration: Development
LogInit: Branch Name: ++UE4+Release-4.18
LogInit: Command line: -EpicPortal 
LogInit: Base directory: G:/UE_4.18/Engine/Binaries/Win64/
LogInit: Installed Engine Build: 1
LogInit: Presizing for max 8388607 objects, including 0 objects not considered by GC, pre-allocating 0 bytes for permanent pool.
LogInit: Object subsystem initialized
[2017.12.29-20.50.57:835][  0]LogInit: Selected Device Profile: [Windows]
[2017.12.29-20.50.57:835][  0]LogInit: Applying CVar settings loaded from the selected device profile: [Windows]
[2017.12.29-20.50.57:856][  0]LogInit: Computer: DESKTOP-A4SG2RF
[2017.12.29-20.50.57:856][  0]LogInit: User: ASUS
[2017.12.29-20.50.57:856][  0]LogInit: CPU Page size=4096, Cores=4
[2017.12.29-20.50.57:856][  0]LogInit: High frequency timer resolution =2.531252 MHz
[2017.12.29-20.50.57:856][  0]LogMemory: Memory total: Physical=15.9GB (16GB approx)
[2017.12.29-20.50.57:856][  0]LogMemory: Platform Memory Stats for Windows
[2017.12.29-20.50.57:856][  0]LogMemory: Process Physical Memory: 271.91 MB used, 271.91 MB peak
[2017.12.29-20.50.57:856][  0]LogMemory: Process Virtual Memory: 269.80 MB used, 269.80 MB peak
[2017.12.29-20.50.57:856][  0]LogMemory: Physical Memory: 5427.66 MB used,  10892.24 MB free, 16319.89 MB total
[2017.12.29-20.50.57:856][  0]LogMemory: Virtual Memory: 643.57 MB used,  10892.24 MB free, 134217728.00 MB total
[2017.12.29-20.50.58:020][  0]LogInit: Overriding language with editor language configuration option (en).
[2017.12.29-20.50.58:020][  0]LogInit: Overriding locale with editor locale configuration option (en).
[2017.12.29-20.50.58:495][  0]LogInit: Setting process to per monitor DPI aware
[2017.12.29-20.50.58:806][  0]LogD3D11RHI: D3D11 adapters:
[2017.12.29-20.50.59:459][  0]LogD3D11RHI:    0. 'NVIDIA GeForce GTX 1070' (Feature Level 11_0)
[2017.12.29-20.50.59:459][  0]LogD3D11RHI:       8144/0/8159 MB DedicatedVideo/DedicatedSystem/SharedSystem, Outputs:1, VendorId:0x10de
[2017.12.29-20.50.59:461][  0]LogD3D11RHI:    1. 'Microsoft Basic Render Driver' (Feature Level 11_0)
[2017.12.29-20.50.59:461][  0]LogD3D11RHI:       0/0/8159 MB DedicatedVideo/DedicatedSystem/SharedSystem, Outputs:0, VendorId:0x1414
[2017.12.29-20.50.59:461][  0]LogD3D11RHI: Chosen D3D11 Adapter: 0
[2017.12.29-20.50.59:470][  0]LogD3D11RHI: Creating new Direct3DDevice
[2017.12.29-20.50.59:470][  0]LogD3D11RHI:     GPU DeviceId: 0x1be1 (for the marketing name, search the web for "GPU Device Id")
[2017.12.29-20.50.59:470][  0]LogWindows: EnumDisplayDevices:
[2017.12.29-20.50.59:470][  0]LogWindows:    0. 'NVIDIA GeForce GTX 1070' (P:1 D:1)
[2017.12.29-20.50.59:472][  0]LogWindows:    1. 'NVIDIA GeForce GTX 1070' (P:0 D:0)
[2017.12.29-20.50.59:472][  0]LogWindows:    2. 'NVIDIA GeForce GTX 1070' (P:0 D:0)
[2017.12.29-20.50.59:473][  0]LogWindows:    3. 'NVIDIA GeForce GTX 1070' (P:0 D:0)
[2017.12.29-20.50.59:474][  0]LogWindows: DebugString: FoundDriverCount:4 
[2017.12.29-20.50.59:474][  0]LogD3D11RHI:     Adapter Name: NVIDIA GeForce GTX 1070
[2017.12.29-20.50.59:474][  0]LogD3D11RHI:   Driver Version: 368.91 (internal:21.21.13.6891, unified:368.91)
[2017.12.29-20.50.59:474][  0]LogD3D11RHI:      Driver Date: 7-17-2016
[2017.12.29-20.50.59:474][  0]LogRHI: Texture pool is 5701 MB (70% of 8144 MB)
[2017.12.29-20.51.00:128][  0]LogD3D11RHI: Async texture creation enabled
[2017.12.29-20.51.00:149][  0]LogD3D11RHI: GPU Timing Frequency: 1000.000000 (Debug: 2 1)
[2017.12.29-20.51.00:192][  0]LogShaderCompilers: Guid format shader working directory is 4 characters bigger than the processId version (C:/Users/ASUS/Documents/GitHub/WrenchKid/Intermediate/Shaders/WorkingDirectory/20268/).
[2017.12.29-20.51.00:193][  0]LogShaderCompilers: Cleaned the shader compiler working directory 'C:/Users/ASUS/AppData/Local/Temp/UnrealShaderWorkingDir/9D6417B54873756EA3AA76995FDB4153/'.
[2017.12.29-20.51.00:193][  0]LogShaderCompilers: Display: Using Local Shader Compiler.
[2017.12.29-20.51.01:288][  0]LogTemp: Display: Loaded TP AllDesktopTargetPlatform
[2017.12.29-20.51.01:342][  0]LogTemp: Display: Loaded TP MacClientTargetPlatform
[2017.12.29-20.51.01:393][  0]LogTemp: Display: Loaded TP MacNoEditorTargetPlatform
[2017.12.29-20.51.01:447][  0]LogTemp: Display: Loaded TP MacServerTargetPlatform
[2017.12.29-20.51.01:499][  0]LogTemp: Display: Loaded TP MacTargetPlatform
[2017.12.29-20.51.01:556][  0]LogTemp: Display: Loaded TP WindowsClientTargetPlatform
[2017.12.29-20.51.01:609][  0]LogTemp: Display: Loaded TP WindowsNoEditorTargetPlatform
[2017.12.29-20.51.01:671][  0]LogTemp: Display: Loaded TP WindowsServerTargetPlatform
[2017.12.29-20.51.01:730][  0]LogTemp: Display: Loaded TP WindowsTargetPlatform
[2017.12.29-20.51.01:794][  0]LogTemp: Display: Loaded TP Android_ASTCTargetPlatform
[2017.12.29-20.51.01:859][  0]LogTemp: Display: Loaded TP Android_ATCTargetPlatform
[2017.12.29-20.51.01:924][  0]LogTemp: Display: Loaded TP Android_DXTTargetPlatform
[2017.12.29-20.51.01:994][  0]LogTemp: Display: Loaded TP Android_ETC1TargetPlatform
[2017.12.29-20.51.02:060][  0]LogTemp: Display: Loaded TP Android_ETC2TargetPlatform
[2017.12.29-20.51.02:167][  0]LogTemp: Display: Loaded TP Android_MultiTargetPlatform
[2017.12.29-20.51.02:168][  0]LogTemp: Display: Loaded TP Android_PVRTCTargetPlatform
[2017.12.29-20.51.02:218][  0]LogTemp: Display: Loaded TP AndroidTargetPlatform
[2017.12.29-20.51.02:256][  0]LogTemp: Display: Loaded TP HTML5TargetPlatform
[2017.12.29-20.51.02:344][  0]LogTemp: Display: Loaded TP IOSTargetPlatform
[2017.12.29-20.51.02:369][  0]LogTemp: Display: Loaded TP TVOSTargetPlatform
[2017.12.29-20.51.02:419][  0]LogTemp: Display: Loaded TP LinuxClientTargetPlatform
[2017.12.29-20.51.02:470][  0]LogTemp: Display: Loaded TP LinuxNoEditorTargetPlatform
[2017.12.29-20.51.02:524][  0]LogTemp: Display: Loaded TP LinuxServerTargetPlatform
[2017.12.29-20.51.02:576][  0]LogTemp: Display: Loaded TP LinuxTargetPlatform
[2017.12.29-20.51.02:576][  0]LogTargetPlatformManager: Display: Building Assets For Windows
[2017.12.29-20.51.03:018][  0]LogDerivedDataCache: Display: Max Cache Size: 512 MB
[2017.12.29-20.51.03:118][  0]LogDerivedDataCache: Loaded boot cache 0.10s 78MB C:/Users/ASUS/AppData/Local/UnrealEngine/4.18/DerivedDataCache/Boot.ddc.
[2017.12.29-20.51.03:118][  0]LogDerivedDataCache: Display: Loaded Boot cache: C:/Users/ASUS/AppData/Local/UnrealEngine/4.18/DerivedDataCache/Boot.ddc
[2017.12.29-20.51.03:118][  0]LogDerivedDataCache: FDerivedDataBackendGraph:  Pak pak cache file C:/Users/ASUS/Documents/GitHub/WrenchKid/DerivedDataCache/DDC.ddp not found, will not use a pak cache.
[2017.12.29-20.51.03:118][  0]LogDerivedDataCache: Unable to find inner node Pak for hierarchical cache Hierarchy.
[2017.12.29-20.51.03:118][  0]LogDerivedDataCache: FDerivedDataBackendGraph:  CompressedPak pak cache file C:/Users/ASUS/Documents/GitHub/WrenchKid/DerivedDataCache/Compressed.ddp not found, will not use a pak cache.
[2017.12.29-20.51.03:118][  0]LogDerivedDataCache: Unable to find inner node CompressedPak for hierarchical cache Hierarchy.
[2017.12.29-20.51.03:136][  0]LogDerivedDataCache: Display: Pak cache opened for reading ../../../Engine/DerivedDataCache/Compressed.ddp.
[2017.12.29-20.51.03:150][  0]LogDerivedDataCache: Using Local data cache path C:/Users/ASUS/AppData/Local/UnrealEngine/Common/DerivedDataCache: Writable
[2017.12.29-20.51.03:161][  0]LogMaterial: Verifying Global Shaders for PCD3D_SM5
[2017.12.29-20.51.03:162][  0]LogSlate: Using Freetype 2.6.0
[2017.12.29-20.51.03:162][  0]LogSlate: SlateFontCache - WITH_FREETYPE: 1, WITH_HARFBUZZ: 1
[2017.12.29-20.51.03:162][  0]LogSlate: SlateFontCache - WITH_FREETYPE: 1, WITH_HARFBUZZ: 1
[2017.12.29-20.51.03:582][  0]LogInit: Selected Device Profile: [Windows]
[2017.12.29-20.51.03:924][  0]LogSimplygon: Simplygon DLL not present - disabling.
[2017.12.29-20.51.03:964][  0]LogMeshReduction: Using SimplygonSwarm for distributed automatic mesh merging
[2017.12.29-20.51.03:964][  0]LogMeshReduction: Using QuadricMeshReduction for automatic static mesh reduction
[2017.12.29-20.51.03:964][  0]LogMeshReduction: No automatic skeletal mesh reduction module available
[2017.12.29-20.51.03:964][  0]LogMeshReduction: No automatic mesh merging module available
[2017.12.29-20.51.03:964][  0]LogMeshMerging: No automatic mesh merging module available
[2017.12.29-20.51.03:996][  0]LogNetVersion: WrenchKid , NetCL: 3709383, EngineNetVer: 2, GameNetVer: 0 (Checksum: 1063902928)
[2017.12.29-20.51.04:176][  0]LogAssetRegistry: FAssetRegistry took 0.0262 seconds to start up
[2017.12.29-20.51.04:793][  0]LogPackageLocalizationCache: Processed 7 localized package path(s) for 1 prioritized culture(s) in 0.068216 seconds
[2017.12.29-20.51.04:799][  0]LogUObjectArray: 35900 objects as part of root set at end of initial load.
[2017.12.29-20.51.04:799][  0]LogUObjectAllocator: 7372016 out of 0 bytes used by permanent object pool.
[2017.12.29-20.51.04:799][  0]LogUObjectArray: CloseDisregardForGC: 0/0 objects in disregard for GC pool
[2017.12.29-20.51.04:843][  0]LogInit: WinSock: version 1.1 (2.2), MaxSocks=32767, MaxUdp=65467
[2017.12.29-20.51.07:855][  0]LogTcpMessaging: Initializing TcpMessaging bridge
[2017.12.29-20.51.07:896][  0]LogUdpMessaging: Initializing bridge on interface 0.0.0.0:0 to multicast group 230.0.0.1:6666.
[2017.12.29-20.51.08:617][  0]LogMaterial: Uniform references updated for custom material expression Custom.
[2017.12.29-20.51.09:068][  0]SourceControl: Source control is disabled
[2017.12.29-20.51.09:068][  0]SourceControl: Source control is disabled
[2017.12.29-20.51.09:122][  0]SourceControl: Source control is disabled
[2017.12.29-20.51.09:177][  0]SourceControl: Source control is disabled
[2017.12.29-20.51.10:034][  0]LogAndroidPermission: UAndroidPermissionCallbackProxy::GetInstance
[2017.12.29-20.51.10:315][  0]LogOcInput: OculusInput pre-init called
[2017.12.29-20.51.10:613][  0]LogEngine: Initializing Engine...
[2017.12.29-20.51.10:619][  0]LogHMD: Failed to initialize OpenVR with code 110
[2017.12.29-20.51.10:881][  0]LogStats: UGameplayTagsManager::ConstructGameplayTagTree: Construct from data asset -  0.000 s
[2017.12.29-20.51.10:881][  0]LogStats: UGameplayTagsManager::ConstructGameplayTagTree: GameplayTagTreeChangedEvent.Broadcast -  0.000 s
[2017.12.29-20.51.11:016][  0]LogAIModule: Creating AISystem for world Untitled
[2017.12.29-20.51.11:093][  0]LogInit: XAudio2 using '扬声器 (Realtek High Definition Audio)' : 2 channels at 48 kHz using 32 bits per sample (channel mask 0x3)
[2017.12.29-20.51.11:284][  0]LogInit: FAudioDevice initialized.
[2017.12.29-20.51.11:365][  0]LogDerivedDataCache: Saved boot cache 0.08s 78MB C:/Users/ASUS/AppData/Local/UnrealEngine/4.18/DerivedDataCache/Boot.ddc.
[2017.12.29-20.51.11:381][  0]LogInit: Texture streaming: Enabled
[2017.12.29-20.51.11:465][  0]LogEngineSessionManager: EngineSessionManager initialized
[2017.12.29-20.51.11:599][  0]LogInit: Transaction tracking system initialized
[2017.12.29-20.51.11:906][  0]BlueprintLog: New page: Editor Load
[2017.12.29-20.51.12:763][  0]LocalizationService: Localization service is disabled
[2017.12.29-20.51.13:478][  0]LogConsoleResponse: Display: 
[2017.12.29-20.51.13:689][  0]LogCook: Display: Max memory allowance for cook 16384mb min free memory 0mb
[2017.12.29-20.51.13:689][  0]LogCook: Display: Mobile HDR setting 1
[2017.12.29-20.51.13:689][  0]LogGameplayTags: Display: UGameplayTagsManager::DoneAddingNativeTags. DelegateIsBound: 0
[2017.12.29-20.51.14:346][  0]LogFileCache: Scanning file cache for directory 'C:/Users/ASUS/Documents/GitHub/WrenchKid/Content/' took 0.01s
[2017.12.29-20.51.14:890][  0]SourceControl: Source control is disabled
[2017.12.29-20.51.14:890][  0]Cmd: MAP LOAD FILE="C:/Users/ASUS/Documents/GitHub/WrenchKid/Content/2DSideScrollerBP/Maps/2DSideScrollerExampleMap.umap" TEMPLATE=0 SHOWPROGRESS=1 FEATURELEVEL=3
[2017.12.29-20.51.14:890][  0]LightingResults: New page: Lighting Build
[2017.12.29-20.51.14:932][  0]MapCheck: New page: Map Check
[2017.12.29-20.51.14:932][  0]LightingResults: New page: Lighting Build
[2017.12.29-20.51.15:150][  0]LogAIModule: Creating AISystem for world 2DSideScrollerExampleMap
[2017.12.29-20.51.15:156][  0]LogEditorServer: Finished looking for orphan Actors (0.000 secs)
[2017.12.29-20.51.15:169][  0]Cmd: MAP CHECKDEP NOCLEARLOG
[2017.12.29-20.51.15:217][  0]MapCheck: Map check complete: 0 Error(s), 0 Warning(s), took 47.946ms to complete.
[2017.12.29-20.51.15:217][  0]LogFileHelpers: Loading map '2DSideScrollerExampleMap' took 0.328
[2017.12.29-20.51.15:291][  0]LogWindowsTextInputMethodSystem: Display: IME system now deactivated.
[2017.12.29-20.51.15:383][  0]LogCollectionManager: Loaded 0 collections in 0.001513 seconds
[2017.12.29-20.51.15:469][  0]LogFileCache: Scanning file cache for directory 'C:/Users/ASUS/Documents/GitHub/WrenchKid/Saved/Collections/' took 0.01s
[2017.12.29-20.51.15:469][  0]LogFileCache: Scanning file cache for directory 'C:/Users/ASUS/Documents/GitHub/WrenchKid/Content/Developers/ASUS/Collections/' took 0.01s
[2017.12.29-20.51.15:469][  0]LogFileCache: Scanning file cache for directory 'C:/Users/ASUS/Documents/GitHub/WrenchKid/Content/Collections/' took 0.01s
[2017.12.29-20.51.15:469][  0]LogCollectionManager: Rebuilt the GUID cache for 0 collections in 0.000000 seconds
[2017.12.29-20.51.15:479][  0]LogContentBrowser: Native class hierarchy populated in 0.0097 seconds. Added 2363 classes and 519 folders.
[2017.12.29-20.51.15:540][  0]LogContentBrowser: Native class hierarchy updated for 'WidgetCarousel' in 0.0003 seconds. Added 0 classes and 0 folders.
[2017.12.29-20.51.15:583][  0]LogContentBrowser: Native class hierarchy updated for 'AddContentDialog' in 0.0002 seconds. Added 0 classes and 0 folders.
[2017.12.29-20.51.15:629][  0]LogContentBrowser: Native class hierarchy updated for 'SceneOutliner' in 0.0003 seconds. Added 1 classes and 2 folders.
[2017.12.29-20.51.15:652][  0]LogSlate: Took 0.000240 seconds to synchronously load lazily loaded font '../../../Engine/Content/Slate/Fonts/Roboto-Regular.ttf' (155K)
[2017.12.29-20.51.15:655][  0]LogSlate: Took 0.000216 seconds to synchronously load lazily loaded font '../../../Engine/Content/Slate/Fonts/Roboto-Bold.ttf' (160K)
[2017.12.29-20.51.15:661][  0]LogSlate: Took 0.000175 seconds to synchronously load lazily loaded font '../../../Engine/Content/Editor/Slate/Fonts/FontAwesome.ttf' (139K)
[2017.12.29-20.51.15:768][  0]LogRenderer: Reallocating scene render targets to support 1208x576 Format 10 NumSamples 1 (Frame:1).
[2017.12.29-20.51.16:014][  0]LogContentBrowser: Native class hierarchy updated for 'HierarchicalLODOutliner' in 0.0002 seconds. Added 1 classes and 2 folders.
[2017.12.29-20.51.16:014][  0]LogLoad: (Engine Initialization) Total time: 21.05 seconds
[2017.12.29-20.51.16:014][  0]LogLoad: (Engine Initialization) Total Blueprint compile time: 0.00 seconds
[2017.12.29-20.51.16:014][  0]LogExternalProfiler: No external profilers were discovered.  External profiling features will not be available.
[2017.12.29-20.51.16:057][  0]LogContentStreaming: Texture pool size now 1000 MB
[2017.12.29-20.51.16:111][  0]LogSlate: Took 0.000320 seconds to synchronously load lazily loaded font '../../../Engine/Content/Slate/Fonts/Roboto-Light.ttf' (159K)
[2017.12.29-20.51.16:138][  1]LogAssetRegistry: Asset discovery search completed in 11.9840 seconds
[2017.12.29-20.51.16:141][  1]LogCollectionManager: Rebuilt the object cache for 0 collections in 0.000000 seconds (found 0 objects)
[2017.12.29-20.51.16:141][  1]LogCollectionManager: Fixed up redirectors for 0 collections in 0.000113 seconds (updated 0 objects)
[2017.12.29-20.51.17:054][ 50]LogSlate: Took 0.000231 seconds to synchronously load lazily loaded font '../../../Engine/Content/Slate/Fonts/Roboto-Light.ttf' (159K)
[2017.12.29-20.51.23:312][418]LogSlate: Took 0.000188 seconds to synchronously load lazily loaded font '../../../Engine/Content/Slate/Fonts/Roboto-Light.ttf' (159K)
[2017.12.29-20.51.23:670][418]LogContentBrowser: Native class hierarchy updated for 'BlueprintGraph' in 0.0006 seconds. Added 116 classes and 0 folders.
[2017.12.29-20.51.24:401][418]LogSlate: Took 0.000194 seconds to synchronously load lazily loaded font '../../../Engine/Content/Editor/Slate/Fonts/Roboto-BoldCondensed.ttf' (158K)
[2017.12.29-20.51.24:588][419]LogSlate: Took 0.000245 seconds to synchronously load lazily loaded font '../../../Engine/Content/Editor/Slate/Fonts/Roboto-Italic.ttf' (157K)
[2017.12.29-20.52.26:194][801]LogSlate: Only BGRA pngs, bmps or icos are supported in by External Image Picker
[2017.12.29-20.52.26:299][802]LogTemp: Executing iPhonePackager certificates Engine -bundlename com.YourCompany.WrenchKid
[2017.12.29-20.52.26:299][802]LogTemp: CWD: G:\UE_4.18\Engine\Binaries\DotNET\IOS
[2017.12.29-20.52.26:299][802]LogTemp: Initial Dir: G:\UE_4.18
[2017.12.29-20.52.26:299][802]LogTemp: Env CWD: G:\UE_4.18\Engine\Binaries\DotNET\IOS
[2017.12.29-20.52.26:328][803]LogTemp: BranchPath = DESKTOP-A4SG2RF/G/UE_4.18/Engine/Binaries --- GameBranchPath = DESKTOP-A4SG2RF/G/UE_4.18/Engine/Binaries
[2017.12.29-20.52.26:352][804]LogTemp: IPP ERROR: Could not find provision directory 'C:\Users\ASUS\AppData\Local/Apple Computer/MobileDevice/Provisioning Profiles/'.
[2017.12.29-20.53.55:779][278]BlueprintLog: New page: Compile 2DSideScrollerCharacter
[2017.12.29-20.53.57:439][341]LogSavePackage: Save=94.73ms
[2017.12.29-20.53.57:439][341]LogSavePackage: Moving 'C:/Users/ASUS/Documents/GitHub/WrenchKid/Saved/2DSideScrollerCharacterFA0DD0AF4D6F25382F839D9BEAF29B46.tmp' to 'C:/Users/ASUS/Documents/GitHub/WrenchKid/Content/2DSideScrollerBP/Blueprints/2DSideScrollerCharacter.uasset'
[2017.12.29-20.53.57:451][341]LogSavePackage: Display: Finished SavePackage C:/Users/ASUS/Documents/GitHub/WrenchKid/Content/2DSideScrollerBP/Blueprints/2DSideScrollerCharacter.uasset
[2017.12.29-20.53.59:593][467]LogTemp: Repeating last play command: Selected Viewport
[2017.12.29-20.53.59:663][467]LogBlueprintUserMessages: Early PlayInEditor Detection: Level '/Game/2DSideScrollerBP/Maps/2DSideScrollerExampleMap.2DSideScrollerExampleMap:PersistentLevel' has LevelScriptBlueprint '/Game/2DSideScrollerBP/Maps/2DSideScrollerExampleMap.2DSideScrollerExampleMap:PersistentLevel.2DSideScrollerExampleMap' with GeneratedClass '/Game/2DSideScrollerBP/Maps/2DSideScrollerExampleMap.2DSideScrollerExampleMap_C' with ClassGeneratedBy '/Game/2DSideScrollerBP/Maps/2DSideScrollerExampleMap.2DSideScrollerExampleMap:PersistentLevel.2DSideScrollerExampleMap'
[2017.12.29-20.53.59:663][467]LogPlayLevel: PlayLevel: No blueprints needed recompiling
[2017.12.29-20.53.59:664][467]PIE: New page: PIE session: 2DSideScrollerExampleMap (Dec 29, 2017, 10:53:59 AM)
[2017.12.29-20.53.59:664][467]LogPlayLevel: Creating play world package: /Game/2DSideScrollerBP/Maps/UEDPIE_0_2DSideScrollerExampleMap
[2017.12.29-20.53.59:669][467]LogPlayLevel: PIE: StaticDuplicateObject took: (0.004525s)
[2017.12.29-20.53.59:669][467]LogAIModule: Creating AISystem for world 2DSideScrollerExampleMap
[2017.12.29-20.53.59:670][467]LogPlayLevel: PIE: World Init took: (0.000982s)
[2017.12.29-20.53.59:670][467]LogPlayLevel: PIE: Created PIE world by copying editor world from /Game/2DSideScrollerBP/Maps/2DSideScrollerExampleMap.2DSideScrollerExampleMap to /Game/2DSideScrollerBP/Maps/UEDPIE_0_2DSideScrollerExampleMap.2DSideScrollerExampleMap (0.005963s)
[2017.12.29-20.53.59:766][467]LogInit: XAudio2 using '扬声器 (Realtek High Definition Audio)' : 2 channels at 48 kHz using 32 bits per sample (channel mask 0x3)
[2017.12.29-20.53.59:836][467]LogInit: FAudioDevice initialized.
[2017.12.29-20.53.59:883][467]LogLoad: Game class is '2DSideScrollerGameMode_C'
[2017.12.29-20.53.59:886][467]LogWorld: Bringing World /Game/2DSideScrollerBP/Maps/UEDPIE_0_2DSideScrollerExampleMap.2DSideScrollerExampleMap up for play (max tick rate 60) at 2017.12.29-15.53.59
[2017.12.29-20.53.59:886][467]LogWorld: Bringing up level for play took: 0.001110
[2017.12.29-20.53.59:927][467]LogContentBrowser: Native class hierarchy updated for 'MovieSceneCapture' in 0.0003 seconds. Added 11 classes and 0 folders.
[2017.12.29-20.53.59:929][467]PIE: Play in editor start time for /Game/2DSideScrollerBP/Maps/UEDPIE_0_2DSideScrollerExampleMap -0.075
[2017.12.29-20.53.59:929][467]LogBlueprintUserMessages: Late PlayInEditor Detection: Level '/Game/2DSideScrollerBP/Maps/2DSideScrollerExampleMap.2DSideScrollerExampleMap:PersistentLevel' has LevelScriptBlueprint '/Game/2DSideScrollerBP/Maps/2DSideScrollerExampleMap.2DSideScrollerExampleMap:PersistentLevel.2DSideScrollerExampleMap' with GeneratedClass '/Game/2DSideScrollerBP/Maps/2DSideScrollerExampleMap.2DSideScrollerExampleMap_C' with ClassGeneratedBy '/Game/2DSideScrollerBP/Maps/2DSideScrollerExampleMap.2DSideScrollerExampleMap:PersistentLevel.2DSideScrollerExampleMap'
[2017.12.29-20.54.09:127][  7]LogBlueprintUserMessages: Early EndPlayMap Detection: Level '/Game/2DSideScrollerBP/Maps/2DSideScrollerExampleMap.2DSideScrollerExampleMap:PersistentLevel' has LevelScriptBlueprint '/Game/2DSideScrollerBP/Maps/2DSideScrollerExampleMap.2DSideScrollerExampleMap:PersistentLevel.2DSideScrollerExampleMap' with GeneratedClass '/Game/2DSideScrollerBP/Maps/2DSideScrollerExampleMap.2DSideScrollerExampleMap_C' with ClassGeneratedBy '/Game/2DSideScrollerBP/Maps/2DSideScrollerExampleMap.2DSideScrollerExampleMap:PersistentLevel.2DSideScrollerExampleMap'
[2017.12.29-20.54.09:165][  7]LogBlueprintUserMessages: Late EndPlayMap Detection: Level '/Game/2DSideScrollerBP/Maps/2DSideScrollerExampleMap.2DSideScrollerExampleMap:PersistentLevel' has LevelScriptBlueprint '/Game/2DSideScrollerBP/Maps/2DSideScrollerExampleMap.2DSideScrollerExampleMap:PersistentLevel.2DSideScrollerExampleMap' with GeneratedClass '/Game/2DSideScrollerBP/Maps/2DSideScrollerExampleMap.2DSideScrollerExampleMap_C' with ClassGeneratedBy '/Game/2DSideScrollerBP/Maps/2DSideScrollerExampleMap.2DSideScrollerExampleMap:PersistentLevel.2DSideScrollerExampleMap'
[2017.12.29-20.54.45:497][850]LogSavePackage: Save=87.88ms
[2017.12.29-20.54.45:498][850]LogSavePackage: Moving 'C:/Users/ASUS/Documents/GitHub/WrenchKid/Saved/2DSideScrollerCharacter2BD614CB4F43177C8C8D8AB173A04A54.tmp' to 'C:/Users/ASUS/Documents/GitHub/WrenchKid/Content/2DSideScrollerBP/Blueprints/2DSideScrollerCharacter.uasset'
[2017.12.29-20.54.45:511][850]LogSavePackage: Display: Finished SavePackage C:/Users/ASUS/Documents/GitHub/WrenchKid/Content/2DSideScrollerBP/Blueprints/2DSideScrollerCharacter.uasset
[2017.12.29-20.54.45:998][874]BlueprintLog: New page: Compile 2DSideScrollerCharacter
[2017.12.29-20.54.49:206][ 43]LogTemp: Repeating last play command: Selected Viewport
[2017.12.29-20.54.49:232][ 43]LogBlueprintUserMessages: Early PlayInEditor Detection: Level '/Game/2DSideScrollerBP/Maps/2DSideScrollerExampleMap.2DSideScrollerExampleMap:PersistentLevel' has LevelScriptBlueprint '/Game/2DSideScrollerBP/Maps/2DSideScrollerExampleMap.2DSideScrollerExampleMap:PersistentLevel.2DSideScrollerExampleMap' with GeneratedClass '/Game/2DSideScrollerBP/Maps/2DSideScrollerExampleMap.2DSideScrollerExampleMap_C' with ClassGeneratedBy '/Game/2DSideScrollerBP/Maps/2DSideScrollerExampleMap.2DSideScrollerExampleMap:PersistentLevel.2DSideScrollerExampleMap'
[2017.12.29-20.54.49:232][ 43]LogPlayLevel: PlayLevel: No blueprints needed recompiling
[2017.12.29-20.54.49:232][ 43]PIE: New page: PIE session: 2DSideScrollerExampleMap (Dec 29, 2017, 10:54:49 AM)
[2017.12.29-20.54.49:232][ 43]LogPlayLevel: Creating play world package: /Game/2DSideScrollerBP/Maps/UEDPIE_0_2DSideScrollerExampleMap
[2017.12.29-20.54.49:236][ 43]LogPlayLevel: PIE: StaticDuplicateObject took: (0.003226s)
[2017.12.29-20.54.49:236][ 43]LogAIModule: Creating AISystem for world 2DSideScrollerExampleMap
[2017.12.29-20.54.49:237][ 43]LogPlayLevel: PIE: World Init took: (0.001106s)
[2017.12.29-20.54.49:237][ 43]LogPlayLevel: PIE: Created PIE world by copying editor world from /Game/2DSideScrollerBP/Maps/2DSideScrollerExampleMap.2DSideScrollerExampleMap to /Game/2DSideScrollerBP/Maps/UEDPIE_0_2DSideScrollerExampleMap.2DSideScrollerExampleMap (0.004800s)
[2017.12.29-20.54.49:325][ 43]LogInit: XAudio2 using '扬声器 (Realtek High Definition Audio)' : 2 channels at 48 kHz using 32 bits per sample (channel mask 0x3)
[2017.12.29-20.54.49:392][ 43]LogInit: FAudioDevice initialized.
[2017.12.29-20.54.49:427][ 43]LogLoad: Game class is '2DSideScrollerGameMode_C'
[2017.12.29-20.54.49:430][ 43]LogWorld: Bringing World /Game/2DSideScrollerBP/Maps/UEDPIE_0_2DSideScrollerExampleMap.2DSideScrollerExampleMap up for play (max tick rate 60) at 2017.12.29-15.54.49
[2017.12.29-20.54.49:430][ 43]LogWorld: Bringing up level for play took: 0.001336
[2017.12.29-20.54.49:431][ 43]PIE: Play in editor start time for /Game/2DSideScrollerBP/Maps/UEDPIE_0_2DSideScrollerExampleMap -0.573
[2017.12.29-20.54.49:432][ 43]LogBlueprintUserMessages: Late PlayInEditor Detection: Level '/Game/2DSideScrollerBP/Maps/2DSideScrollerExampleMap.2DSideScrollerExampleMap:PersistentLevel' has LevelScriptBlueprint '/Game/2DSideScrollerBP/Maps/2DSideScrollerExampleMap.2DSideScrollerExampleMap:PersistentLevel.2DSideScrollerExampleMap' with GeneratedClass '/Game/2DSideScrollerBP/Maps/2DSideScrollerExampleMap.2DSideScrollerExampleMap_C' with ClassGeneratedBy '/Game/2DSideScrollerBP/Maps/2DSideScrollerExampleMap.2DSideScrollerExampleMap:PersistentLevel.2DSideScrollerExampleMap'
[2017.12.29-20.55.02:126][796]LogBlueprintUserMessages: Early EndPlayMap Detection: Level '/Game/2DSideScrollerBP/Maps/2DSideScrollerExampleMap.2DSideScrollerExampleMap:PersistentLevel' has LevelScriptBlueprint '/Game/2DSideScrollerBP/Maps/2DSideScrollerExampleMap.2DSideScrollerExampleMap:PersistentLevel.2DSideScrollerExampleMap' with GeneratedClass '/Game/2DSideScrollerBP/Maps/2DSideScrollerExampleMap.2DSideScrollerExampleMap_C' with ClassGeneratedBy '/Game/2DSideScrollerBP/Maps/2DSideScrollerExampleMap.2DSideScrollerExampleMap:PersistentLevel.2DSideScrollerExampleMap'
[2017.12.29-20.55.02:168][796]LogBlueprintUserMessages: Late EndPlayMap Detection: Level '/Game/2DSideScrollerBP/Maps/2DSideScrollerExampleMap.2DSideScrollerExampleMap:PersistentLevel' has LevelScriptBlueprint '/Game/2DSideScrollerBP/Maps/2DSideScrollerExampleMap.2DSideScrollerExampleMap:PersistentLevel.2DSideScrollerExampleMap' with GeneratedClass '/Game/2DSideScrollerBP/Maps/2DSideScrollerExampleMap.2DSideScrollerExampleMap_C' with ClassGeneratedBy '/Game/2DSideScrollerBP/Maps/2DSideScrollerExampleMap.2DSideScrollerExampleMap:PersistentLevel.2DSideScrollerExampleMap'
[2017.12.29-20.55.15:789][429]LogSavePackage: Save=92.11ms
[2017.12.29-20.55.15:789][429]LogSavePackage: Moving 'C:/Users/ASUS/Documents/GitHub/WrenchKid/Saved/2DSideScrollerCharacter7E2CC0A242B2A73126AB50AF3BED77DC.tmp' to 'C:/Users/ASUS/Documents/GitHub/WrenchKid/Content/2DSideScrollerBP/Blueprints/2DSideScrollerCharacter.uasset'
[2017.12.29-20.55.15:800][429]LogSavePackage: Display: Finished SavePackage C:/Users/ASUS/Documents/GitHub/WrenchKid/Content/2DSideScrollerBP/Blueprints/2DSideScrollerCharacter.uasset
[2017.12.29-20.55.17:915][553]LogTemp: Repeating last play command: Selected Viewport
[2017.12.29-20.55.17:929][553]LogBlueprintUserMessages: Early PlayInEditor Detection: Level '/Game/2DSideScrollerBP/Maps/2DSideScrollerExampleMap.2DSideScrollerExampleMap:PersistentLevel' has LevelScriptBlueprint '/Game/2DSideScrollerBP/Maps/2DSideScrollerExampleMap.2DSideScrollerExampleMap:PersistentLevel.2DSideScrollerExampleMap' with GeneratedClass '/Game/2DSideScrollerBP/Maps/2DSideScrollerExampleMap.2DSideScrollerExampleMap_C' with ClassGeneratedBy '/Game/2DSideScrollerBP/Maps/2DSideScrollerExampleMap.2DSideScrollerExampleMap:PersistentLevel.2DSideScrollerExampleMap'
[2017.12.29-20.55.17:929][553]BlueprintLog: New page: Pre-Play auto-recompile
[2017.12.29-20.55.17:946][553]LogPlayLevel: [PlayLevel] Compiling 2DSideScrollerCharacter before play...
[2017.12.29-20.55.18:267][553]LogPlayLevel: PlayLevel: Blueprint regeneration took 337 ms (1 blueprints)
[2017.12.29-20.55.18:267][553]PIE: New page: PIE session: 2DSideScrollerExampleMap (Dec 29, 2017, 10:55:18 AM)
[2017.12.29-20.55.18:267][553]LogPlayLevel: Creating play world package: /Game/2DSideScrollerBP/Maps/UEDPIE_0_2DSideScrollerExampleMap
[2017.12.29-20.55.18:270][553]LogPlayLevel: PIE: StaticDuplicateObject took: (0.002611s)
[2017.12.29-20.55.18:270][553]LogAIModule: Creating AISystem for world 2DSideScrollerExampleMap
[2017.12.29-20.55.18:271][553]LogPlayLevel: PIE: World Init took: (0.000635s)
[2017.12.29-20.55.18:271][553]LogPlayLevel: PIE: Created PIE world by copying editor world from /Game/2DSideScrollerBP/Maps/2DSideScrollerExampleMap.2DSideScrollerExampleMap to /Game/2DSideScrollerBP/Maps/UEDPIE_0_2DSideScrollerExampleMap.2DSideScrollerExampleMap (0.003604s)
[2017.12.29-20.55.18:356][553]LogInit: XAudio2 using '扬声器 (Realtek High Definition Audio)' : 2 channels at 48 kHz using 32 bits per sample (channel mask 0x3)
[2017.12.29-20.55.18:427][553]LogInit: FAudioDevice initialized.
[2017.12.29-20.55.18:468][553]LogLoad: Game class is '2DSideScrollerGameMode_C'
[2017.12.29-20.55.18:471][553]LogWorld: Bringing World /Game/2DSideScrollerBP/Maps/UEDPIE_0_2DSideScrollerExampleMap.2DSideScrollerExampleMap up for play (max tick rate 60) at 2017.12.29-15.55.18
[2017.12.29-20.55.18:471][553]LogWorld: Bringing up level for play took: 0.001136
[2017.12.29-20.55.18:472][553]PIE: Play in editor start time for /Game/2DSideScrollerBP/Maps/UEDPIE_0_2DSideScrollerExampleMap 0.467
[2017.12.29-20.55.18:472][553]LogBlueprintUserMessages: Late PlayInEditor Detection: Level '/Game/2DSideScrollerBP/Maps/2DSideScrollerExampleMap.2DSideScrollerExampleMap:PersistentLevel' has LevelScriptBlueprint '/Game/2DSideScrollerBP/Maps/2DSideScrollerExampleMap.2DSideScrollerExampleMap:PersistentLevel.2DSideScrollerExampleMap' with GeneratedClass '/Game/2DSideScrollerBP/Maps/2DSideScrollerExampleMap.2DSideScrollerExampleMap_C' with ClassGeneratedBy '/Game/2DSideScrollerBP/Maps/2DSideScrollerExampleMap.2DSideScrollerExampleMap:PersistentLevel.2DSideScrollerExampleMap'
[2017.12.29-20.55.39:580][819]LogBlueprintUserMessages: Early EndPlayMap Detection: Level '/Game/2DSideScrollerBP/Maps/2DSideScrollerExampleMap.2DSideScrollerExampleMap:PersistentLevel' has LevelScriptBlueprint '/Game/2DSideScrollerBP/Maps/2DSideScrollerExampleMap.2DSideScrollerExampleMap:PersistentLevel.2DSideScrollerExampleMap' with GeneratedClass '/Game/2DSideScrollerBP/Maps/2DSideScrollerExampleMap.2DSideScrollerExampleMap_C' with ClassGeneratedBy '/Game/2DSideScrollerBP/Maps/2DSideScrollerExampleMap.2DSideScrollerExampleMap:PersistentLevel.2DSideScrollerExampleMap'
[2017.12.29-20.55.39:618][819]LogBlueprintUserMessages: Late EndPlayMap Detection: Level '/Game/2DSideScrollerBP/Maps/2DSideScrollerExampleMap.2DSideScrollerExampleMap:PersistentLevel' has LevelScriptBlueprint '/Game/2DSideScrollerBP/Maps/2DSideScrollerExampleMap.2DSideScrollerExampleMap:PersistentLevel.2DSideScrollerExampleMap' with GeneratedClass '/Game/2DSideScrollerBP/Maps/2DSideScrollerExampleMap.2DSideScrollerExampleMap_C' with ClassGeneratedBy '/Game/2DSideScrollerBP/Maps/2DSideScrollerExampleMap.2DSideScrollerExampleMap:PersistentLevel.2DSideScrollerExampleMap'
[2017.12.29-20.55.45:828][ 66]LogSavePackage: Save=86.30ms
[2017.12.29-20.55.45:828][ 66]LogSavePackage: Moving 'C:/Users/ASUS/Documents/GitHub/WrenchKid/Saved/2DSideScrollerCharacter21F25BCF478AC895CEBBD98548004484.tmp' to 'C:/Users/ASUS/Documents/GitHub/WrenchKid/Content/2DSideScrollerBP/Blueprints/2DSideScrollerCharacter.uasset'
[2017.12.29-20.55.45:833][ 66]LogSavePackage: Display: Finished SavePackage C:/Users/ASUS/Documents/GitHub/WrenchKid/Content/2DSideScrollerBP/Blueprints/2DSideScrollerCharacter.uasset
[2017.12.29-20.56.05:450][166]LogSavePackage: Save=88.66ms
[2017.12.29-20.56.05:450][166]LogSavePackage: Moving 'C:/Users/ASUS/Documents/GitHub/WrenchKid/Saved/2DSideScrollerCharacter5E4BC3264E43E2DE7E5F2DB60237B8EB.tmp' to 'C:/Users/ASUS/Documents/GitHub/WrenchKid/Content/2DSideScrollerBP/Blueprints/2DSideScrollerCharacter.uasset'
[2017.12.29-20.56.05:461][166]LogSavePackage: Display: Finished SavePackage C:/Users/ASUS/Documents/GitHub/WrenchKid/Content/2DSideScrollerBP/Blueprints/2DSideScrollerCharacter.uasset
[2017.12.29-20.56.06:302][213]BlueprintLog: New page: Compile 2DSideScrollerCharacter
[2017.12.29-20.56.08:187][294]LogEditorViewport: Clicking on Actor (LMB): PaperSpriteActor (Background_Sprite)
[2017.12.29-20.56.09:067][343]LogTemp: Repeating last play command: Selected Viewport
[2017.12.29-20.56.09:093][343]LogBlueprintUserMessages: Early PlayInEditor Detection: Level '/Game/2DSideScrollerBP/Maps/2DSideScrollerExampleMap.2DSideScrollerExampleMap:PersistentLevel' has LevelScriptBlueprint '/Game/2DSideScrollerBP/Maps/2DSideScrollerExampleMap.2DSideScrollerExampleMap:PersistentLevel.2DSideScrollerExampleMap' with GeneratedClass '/Game/2DSideScrollerBP/Maps/2DSideScrollerExampleMap.2DSideScrollerExampleMap_C' with ClassGeneratedBy '/Game/2DSideScrollerBP/Maps/2DSideScrollerExampleMap.2DSideScrollerExampleMap:PersistentLevel.2DSideScrollerExampleMap'
[2017.12.29-20.56.09:093][343]LogPlayLevel: PlayLevel: No blueprints needed recompiling
[2017.12.29-20.56.09:093][343]PIE: New page: PIE session: 2DSideScrollerExampleMap (Dec 29, 2017, 10:56:09 AM)
[2017.12.29-20.56.09:093][343]LogPlayLevel: Creating play world package: /Game/2DSideScrollerBP/Maps/UEDPIE_0_2DSideScrollerExampleMap
[2017.12.29-20.56.09:097][343]LogPlayLevel: PIE: StaticDuplicateObject took: (0.003286s)
[2017.12.29-20.56.09:097][343]LogAIModule: Creating AISystem for world 2DSideScrollerExampleMap
[2017.12.29-20.56.09:098][343]LogPlayLevel: PIE: World Init took: (0.000839s)
[2017.12.29-20.56.09:098][343]LogPlayLevel: PIE: Created PIE world by copying editor world from /Game/2DSideScrollerBP/Maps/2DSideScrollerExampleMap.2DSideScrollerExampleMap to /Game/2DSideScrollerBP/Maps/UEDPIE_0_2DSideScrollerExampleMap.2DSideScrollerExampleMap (0.004562s)
[2017.12.29-20.56.09:193][343]LogInit: XAudio2 using '扬声器 (Realtek High Definition Audio)' : 2 channels at 48 kHz using 32 bits per sample (channel mask 0x3)
[2017.12.29-20.56.09:265][343]LogInit: FAudioDevice initialized.
[2017.12.29-20.56.09:302][343]LogLoad: Game class is '2DSideScrollerGameMode_C'
[2017.12.29-20.56.09:304][343]LogWorld: Bringing World /Game/2DSideScrollerBP/Maps/UEDPIE_0_2DSideScrollerExampleMap.2DSideScrollerExampleMap up for play (max tick rate 60) at 2017.12.29-15.56.09
[2017.12.29-20.56.09:304][343]LogWorld: Bringing up level for play took: 0.001272
[2017.12.29-20.56.09:305][343]PIE: Play in editor start time for /Game/2DSideScrollerBP/Maps/UEDPIE_0_2DSideScrollerExampleMap -0.699
[2017.12.29-20.56.09:306][343]LogBlueprintUserMessages: Late PlayInEditor Detection: Level '/Game/2DSideScrollerBP/Maps/2DSideScrollerExampleMap.2DSideScrollerExampleMap:PersistentLevel' has LevelScriptBlueprint '/Game/2DSideScrollerBP/Maps/2DSideScrollerExampleMap.2DSideScrollerExampleMap:PersistentLevel.2DSideScrollerExampleMap' with GeneratedClass '/Game/2DSideScrollerBP/Maps/2DSideScrollerExampleMap.2DSideScrollerExampleMap_C' with ClassGeneratedBy '/Game/2DSideScrollerBP/Maps/2DSideScrollerExampleMap.2DSideScrollerExampleMap:PersistentLevel.2DSideScrollerExampleMap'
[2017.12.29-21.00.39:867][504]LogBlueprintUserMessages: Early EndPlayMap Detection: Level '/Game/2DSideScrollerBP/Maps/2DSideScrollerExampleMap.2DSideScrollerExampleMap:PersistentLevel' has LevelScriptBlueprint '/Game/2DSideScrollerBP/Maps/2DSideScrollerExampleMap.2DSideScrollerExampleMap:PersistentLevel.2DSideScrollerExampleMap' with GeneratedClass '/Game/2DSideScrollerBP/Maps/2DSideScrollerExampleMap.2DSideScrollerExampleMap_C' with ClassGeneratedBy '/Game/2DSideScrollerBP/Maps/2DSideScrollerExampleMap.2DSideScrollerExampleMap:PersistentLevel.2DSideScrollerExampleMap'
[2017.12.29-21.00.39:913][504]LogBlueprintUserMessages: Late EndPlayMap Detection: Level '/Game/2DSideScrollerBP/Maps/2DSideScrollerExampleMap.2DSideScrollerExampleMap:PersistentLevel' has LevelScriptBlueprint '/Game/2DSideScrollerBP/Maps/2DSideScrollerExampleMap.2DSideScrollerExampleMap:PersistentLevel.2DSideScrollerExampleMap' with GeneratedClass '/Game/2DSideScrollerBP/Maps/2DSideScrollerExampleMap.2DSideScrollerExampleMap_C' with ClassGeneratedBy '/Game/2DSideScrollerBP/Maps/2DSideScrollerExampleMap.2DSideScrollerExampleMap:PersistentLevel.2DSideScrollerExampleMap'
[2017.12.29-21.06.31:935][613]LogSavePackage: Save=169.35ms
[2017.12.29-21.06.31:935][613]LogSavePackage: Moving 'C:/Users/ASUS/Documents/GitHub/WrenchKid/Saved/2DSideScrollerExampleMap_Auto1D4748D8149026C61AB94069BD80D7765.tmp' to 'C:/Users/ASUS/Documents/GitHub/WrenchKid/Saved/Autosaves/Game/2DSideScrollerBP/Maps/2DSideScrollerExampleMap_Auto1.umap'
[2017.12.29-21.06.31:942][613]LogSavePackage: Display: Finished SavePackage C:/Users/ASUS/Documents/GitHub/WrenchKid/Saved/Autosaves/Game/2DSideScrollerBP/Maps/2DSideScrollerExampleMap_Auto1.umap
[2017.12.29-21.06.31:947][613]LogFileHelpers: Editor autosave (incl. sublevels) for '/Game/2DSideScrollerBP/Maps/2DSideScrollerExampleMap' took 0.221
[2017.12.29-21.06.31:947][613]LogFileHelpers: Editor autosave (incl. sublevels) for all levels took 0.221
[2017.12.29-21.18.42:745][340]LogFileHelpers: Editor autosave (incl. sublevels) for '/Game/2DSideScrollerBP/Maps/2DSideScrollerExampleMap' took 0.024
[2017.12.29-21.18.42:751][340]OBJ SavePackage: Generating thumbnails for [0] asset(s) in package [/Game/2DSideScrollerBP/Blueprints/2DSideScrollerCharacter] ([1] browsable assets)...
[2017.12.29-21.18.42:751][340]OBJ SavePackage: Finished generating thumbnails for package [/Game/2DSideScrollerBP/Blueprints/2DSideScrollerCharacter]
[2017.12.29-21.18.42:865][340]LogSavePackage: Save=101.32ms
[2017.12.29-21.18.42:865][340]LogSavePackage: Moving 'C:/Users/ASUS/Documents/GitHub/WrenchKid/Saved/2DSideScrollerCharacter_Auto24E053E894C7CD4A6A22908873E3D29E7.tmp' to 'C:/Users/ASUS/Documents/GitHub/WrenchKid/Saved/Autosaves/Game/2DSideScrollerBP/Blueprints/2DSideScrollerCharacter_Auto2.uasset'
[2017.12.29-21.18.42:871][340]LogSavePackage: Display: Finished SavePackage C:/Users/ASUS/Documents/GitHub/WrenchKid/Saved/Autosaves/Game/2DSideScrollerBP/Blueprints/2DSideScrollerCharacter_Auto2.uasset
[2017.12.29-21.18.42:871][340]LogFileHelpers: Auto-saving content packages took 0.126
